# JRE version: Java(TM) SE Runtime Environment (17.0.11+7) (build 17.0.11+7-LTS-207)
# Java VM: Java HotSpot(TM) 64-Bit Server VM (17.0.11+7-LTS-207, mixed mode, sharing, tiered, compressed oops, compressed class ptrs, g1 gc, windows-amd64)
GC Precious Log:
 CPUs: 8 total, 8 available
 Memory: 7975M
 Large Page Support: Disabled
 NUMA Support: Disabled
 Compressed Oops: Enabled (32-bit)
 Heap Region Size: 1M
 Heap Min Capacity: 8M
 Heap Initial Capacity: 126M
 Heap Max Capacity: 1994M
 Pre-touch: Disabled
 Parallel Workers: 8
 Concurrent Workers: 2
 Concurrent Refinement Workers: 8
 Periodic GC: Disabled
Heap:
 garbage-first heap   total 126976K, used 40870K [0x0000000083600000, 0x0000000100000000)
  region size 1024K, 8 young (8192K), 1 survivors (1024K)
 Metaspace       used 74497K, committed 75200K, reserved 1114112K
  class space    used 10168K, committed 10496K, reserved 1048576K
GC Heap History (20 events):
Event: 528.456 GC heap before
{Heap before GC invocations=57 (full 0):
 garbage-first heap   total 65536K, used 56201K [0x0000000083600000, 0x0000000100000000)
  region size 1024K, 22 young (22528K), 1 survivors (1024K)
 Metaspace       used 74439K, committed 75136K, reserved 1114112K
  class space    used 10168K, committed 10496K, reserved 1048576K
}
Event: 528.458 GC heap after
{Heap after GC invocations=58 (full 0):
 garbage-first heap   total 65536K, used 34747K [0x0000000083600000, 0x0000000100000000)
  region size 1024K, 1 young (1024K), 1 survivors (1024K)
 Metaspace       used 74439K, committed 75136K, reserved 1114112K
  class space    used 10168K, committed 10496K, reserved 1048576K
}
Event: 528.482 GC heap before
{Heap before GC invocations=58 (full 0):
 garbage-first heap   total 65536K, used 36795K [0x0000000083600000, 0x0000000100000000)
  region size 1024K, 3 young (3072K), 1 survivors (1024K)
 Metaspace       used 74439K, committed 75136K, reserved 1114112K
  class space    used 10168K, committed 10496K, reserved 1048576K
}
Event: 528.487 GC heap after
{Heap after GC invocations=59 (full 0):
 garbage-first heap   total 65536K, used 34663K [0x0000000083600000, 0x0000000100000000)
  region size 1024K, 1 young (1024K), 1 survivors (1024K)
 Metaspace       used 74439K, committed 75136K, reserved 1114112K
  class space    used 10168K, committed 10496K, reserved 1048576K
}
Event: 573.456 GC heap before
{Heap before GC invocations=59 (full 0):
 garbage-first heap   total 65536K, used 56167K [0x0000000083600000, 0x0000000100000000)
  region size 1024K, 22 young (22528K), 1 survivors (1024K)
 Metaspace       used 74455K, committed 75200K, reserved 1114112K
  class space    used 10168K, committed 10496K, reserved 1048576K
}
Event: 573.461 GC heap after
{Heap after GC invocations=60 (full 0):
 garbage-first heap   total 126976K, used 34592K [0x0000000083600000, 0x0000000100000000)
  region size 1024K, 1 young (1024K), 1 survivors (1024K)
 Metaspace       used 74455K, committed 75200K, reserved 1114112K
  class space    used 10168K, committed 10496K, reserved 1048576K
}
Event: 723.451 GC heap before
{Heap before GC invocations=61 (full 0):
 garbage-first heap   total 126976K, used 109344K [0x0000000083600000, 0x0000000100000000)
  region size 1024K, 74 young (75776K), 1 survivors (1024K)
 Metaspace       used 74464K, committed 75200K, reserved 1114112K
  class space    used 10168K, committed 10496K, reserved 1048576K
}
Event: 723.454 GC heap after
{Heap after GC invocations=62 (full 0):
 garbage-first heap   total 126976K, used 34672K [0x0000000083600000, 0x0000000100000000)
  region size 1024K, 1 young (1024K), 1 survivors (1024K)
 Metaspace       used 74464K, committed 75200K, reserved 1114112K
  class space    used 10168K, committed 10496K, reserved 1048576K
}
Event: 733.450 GC heap before
{Heap before GC invocations=62 (full 0):
 garbage-first heap   total 126976K, used 39792K [0x0000000083600000, 0x0000000100000000)
  region size 1024K, 6 young (6144K), 1 survivors (1024K)
 Metaspace       used 74464K, committed 75200K, reserved 1114112K
  class space    used 10168K, committed 10496K, reserved 1048576K
}
Event: 733.451 GC heap after
{Heap after GC invocations=63 (full 0):
 garbage-first heap   total 126976K, used 34666K [0x0000000083600000, 0x0000000100000000)
  region size 1024K, 1 young (1024K), 1 survivors (1024K)
 Metaspace       used 74464K, committed 75200K, reserved 1114112K
  class space    used 10168K, committed 10496K, reserved 1048576K
}
Event: 883.448 GC heap before
{Heap before GC invocations=63 (full 0):
 garbage-first heap   total 126976K, used 109418K [0x0000000083600000, 0x0000000100000000)
  region size 1024K, 74 young (75776K), 1 survivors (1024K)
 Metaspace       used 74465K, committed 75200K, reserved 1114112K
  class space    used 10168K, committed 10496K, reserved 1048576K
}
Event: 883.450 GC heap after
{Heap after GC invocations=64 (full 0):
 garbage-first heap   total 126976K, used 34662K [0x0000000083600000, 0x0000000100000000)
  region size 1024K, 1 young (1024K), 1 survivors (1024K)
 Metaspace       used 74465K, committed 75200K, reserved 1114112K
  class space    used 10168K, committed 10496K, reserved 1048576K
}
Event: 1033.436 GC heap before
{Heap before GC invocations=64 (full 0):
 garbage-first heap   total 126976K, used 109414K [0x0000000083600000, 0x0000000100000000)
  region size 1024K, 74 young (75776K), 1 survivors (1024K)
 Metaspace       used 74488K, committed 75200K, reserved 1114112K
  class space    used 10168K, committed 10496K, reserved 1048576K
}
Event: 1033.439 GC heap after
{Heap after GC invocations=65 (full 0):
 garbage-first heap   total 126976K, used 34735K [0x0000000083600000, 0x0000000100000000)
  region size 1024K, 1 young (1024K), 1 survivors (1024K)
 Metaspace       used 74488K, committed 75200K, reserved 1114112K
  class space    used 10168K, committed 10496K, reserved 1048576K
}
Event: 1183.444 GC heap before
{Heap before GC invocations=65 (full 0):
 garbage-first heap   total 126976K, used 109487K [0x0000000083600000, 0x0000000100000000)
  region size 1024K, 74 young (75776K), 1 survivors (1024K)
 Metaspace       used 74490K, committed 75200K, reserved 1114112K
  class space    used 10168K, committed 10496K, reserved 1048576K
}
Event: 1183.455 GC heap after
{Heap after GC invocations=66 (full 0):
 garbage-first heap   total 126976K, used 34783K [0x0000000083600000, 0x0000000100000000)
  region size 1024K, 1 young (1024K), 1 survivors (1024K)
 Metaspace       used 74490K, committed 75200K, reserved 1114112K
  class space    used 10168K, committed 10496K, reserved 1048576K
}
Event: 1333.444 GC heap before
{Heap before GC invocations=67 (full 0):
 garbage-first heap   total 126976K, used 109535K [0x0000000083600000, 0x0000000100000000)
  region size 1024K, 74 young (75776K), 1 survivors (1024K)
 Metaspace       used 74495K, committed 75200K, reserved 1114112K
  class space    used 10168K, committed 10496K, reserved 1048576K
}
Event: 1333.446 GC heap after
{Heap after GC invocations=68 (full 0):
 garbage-first heap   total 126976K, used 34714K [0x0000000083600000, 0x0000000100000000)
  region size 1024K, 1 young (1024K), 1 survivors (1024K)
 Metaspace       used 74495K, committed 75200K, reserved 1114112K
  class space    used 10168K, committed 10496K, reserved 1048576K
}
Event: 1343.437 GC heap before
{Heap before GC invocations=68 (full 0):
 garbage-first heap   total 126976K, used 39834K [0x0000000083600000, 0x0000000100000000)
  region size 1024K, 6 young (6144K), 1 survivors (1024K)
 Metaspace       used 74496K, committed 75200K, reserved 1114112K
  class space    used 10168K, committed 10496K, reserved 1048576K
}
Event: 1343.441 GC heap after
{Heap after GC invocations=69 (full 0):
 garbage-first heap   total 126976K, used 34695K [0x0000000083600000, 0x0000000100000000)
  region size 1024K, 1 young (1024K), 1 survivors (1024K)
 Metaspace       used 74496K, committed 75200K, reserved 1114112K
  class space    used 10168K, committed 10496K, reserved 1048576K
}

